[
  {
    "type": "reward"
  },
  {
    "Plan": {
      "Node Type": "Other",
      "Node Type ID": "42",
      "Total Cost": 50166.563333,
      "Plan Rows": 1.0,
      "Plans": [
        {
          "Node Type": "Other",
          "Node Type ID": "45",
          "Total Cost": 50166.548333,
          "Plan Rows": 2.0,
          "Plans": [
            {
              "Node Type": "Other",
              "Node Type ID": "42",
              "Total Cost": 49166.348333,
              "Plan Rows": 1.0,
              "Plans": [
                {
                  "Node Type": "Seq Scan",
                  "Node Type ID": "19",
                  "Relation Name": "title",
                  "Total Cost": 46532.670833,
                  "Plan Rows": 1053467.0
                }
              ]
            }
          ]
        }
      ]
    }
  },
  {
    "cast_info": 416,
    "movie_info": 265,
    "title": 2898,
    "person_info": 2220,
    "movie_companies": 262,
    "movie_info_idx": 195,
    "title_pkey": 1,
    "kind_id_title": 1,
    "company_name": 2172,
    "aka_title": 193,
    "movie_keyword": 200,
    "company_type": 1,
    "complete_cast": 733,
    "info_type": 1,
    "keyword": 951,
    "char_name": 66,
    "movie_link": 165,
    "name": 132,
    "kind_type": 1,
    "link_type": 1,
    "aka_name": 128
  },
  {
    "reward": 77.005792,
    "pid": 69761
  }
]